================================================================================
AILLEE FINANCE UNIFIED RUNTIME — INSTALLATION LOG
================================================================================
Timestamp: 2026-04-15T09:00:00Z
Target Version: 8.7.0
Environment: Linux x86_64 / macOS arm64
Configuration: Production-Ready, Allocator-Free, Deterministic Advisory Layer

--------------------------------------------------------------------------------
INSTALL DETAILS
--------------------------------------------------------------------------------
[INFO] Initializing environment checks... Done.
[INFO] Verifying pre-requisites (GCC 9+, Clang 10+)... Done.
[INFO] Installing AILLE headers to: /usr/local/include/aille.hpp
[INFO] Writing installation logs... Done.
[INFO] Registering version 8.7.0 into system registry.

--------------------------------------------------------------------------------
STATUS: SUCCESSFUL
--------------------------------------------------------------------------------
AILLEE version 8.7.0 has been deployed and registered successfully.
================================================================================
